c:\programy\c++\projekty\informatykaprojekt\informatykaprojekt\debug\vc142.pdb
c:\programy\c++\projekty\informatykaprojekt\informatykaprojekt\debug\vc142.idb
c:\programy\c++\projekty\informatykaprojekt\informatykaprojekt\debug\source.obj
c:\programy\c++\projekty\informatykaprojekt\informatykaprojekt\debug\vcpkg.applocal.log
c:\programy\c++\projekty\informatykaprojekt\debug\sfml-graphics-d-2.dll
c:\programy\c++\projekty\informatykaprojekt\debug\sfml-window-d-2.dll
c:\programy\c++\projekty\informatykaprojekt\debug\sfml-system-d-2.dll
c:\programy\c++\projekty\informatykaprojekt\debug\freetyped.dll
c:\programy\c++\projekty\informatykaprojekt\debug\zlibd1.dll
c:\programy\c++\projekty\informatykaprojekt\debug\bz2d.dll
c:\programy\c++\projekty\informatykaprojekt\debug\libpng16d.dll
c:\programy\c++\projekty\informatykaprojekt\debug\brotlidec.dll
c:\programy\c++\projekty\informatykaprojekt\debug\brotlicommon.dll
c:\programy\c++\projekty\informatykaprojekt\debug\informatykaprojekt.pdb
c:\programy\c++\projekty\informatykaprojekt\debug\informatykaprojekt.exe
c:\programy\c++\projekty\informatykaprojekt\debug\informatykaprojekt.ilk
c:\programy\c++\projekty\informatykaprojekt\informatykaprojekt\debug\informat.f5e9fd09.tlog\cl.command.1.tlog
c:\programy\c++\projekty\informatykaprojekt\informatykaprojekt\debug\informat.f5e9fd09.tlog\cl.read.1.tlog
c:\programy\c++\projekty\informatykaprojekt\informatykaprojekt\debug\informat.f5e9fd09.tlog\cl.write.1.tlog
c:\programy\c++\projekty\informatykaprojekt\informatykaprojekt\debug\informat.f5e9fd09.tlog\informatykaprojekt.write.1u.tlog
c:\programy\c++\projekty\informatykaprojekt\informatykaprojekt\debug\informat.f5e9fd09.tlog\link.command.1.tlog
c:\programy\c++\projekty\informatykaprojekt\informatykaprojekt\debug\informat.f5e9fd09.tlog\link.read.1.tlog
c:\programy\c++\projekty\informatykaprojekt\informatykaprojekt\debug\informat.f5e9fd09.tlog\link.write.1.tlog
